# JRE version: OpenJDK Runtime Environment (11.0.10) (build 11.0.10+0-b96-7249189)
# Java VM: OpenJDK 64-Bit Server VM (11.0.10+0-b96-7249189, mixed mode, tiered, compressed oops, g1 gc, windows-amd64)
Heap:
 garbage-first heap   total 194560K, used 119498K [0x0000000080000000, 0x0000000100000000)
  region size 1024K, 45 young (46080K), 1 survivors (1024K)
 Metaspace       used 91718K, capacity 93921K, committed 94412K, reserved 1130496K
  class space    used 11502K, capacity 12285K, committed 12492K, reserved 1048576K
GC Heap History (20 events):
Event: 19.977 GC heap before
{Heap before GC invocations=12 (full 0):
 garbage-first heap   total 194560K, used 131520K [0x0000000080000000, 0x0000000100000000)
  region size 1024K, 88 young (90112K), 10 survivors (10240K)
 Metaspace       used 72250K, capacity 74016K, committed 74060K, reserved 1114112K
  class space    used 9403K, capacity 10019K, committed 10060K, reserved 1048576K
}
Event: 19.986 GC heap after
{Heap after GC invocations=13 (full 0):
 garbage-first heap   total 194560K, used 56722K [0x0000000080000000, 0x0000000100000000)
  region size 1024K, 6 young (6144K), 6 survivors (6144K)
 Metaspace       used 72250K, capacity 74016K, committed 74060K, reserved 1114112K
  class space    used 9403K, capacity 10019K, committed 10060K, reserved 1048576K
}
Event: 21.328 GC heap before
{Heap before GC invocations=13 (full 0):
 garbage-first heap   total 194560K, used 136594K [0x0000000080000000, 0x0000000100000000)
  region size 1024K, 85 young (87040K), 6 survivors (6144K)
 Metaspace       used 79619K, capacity 81844K, committed 81996K, reserved 1120256K
  class space    used 10464K, capacity 11274K, committed 11340K, reserved 1048576K
}
Event: 21.337 GC heap after
{Heap after GC invocations=14 (full 0):
 garbage-first heap   total 194560K, used 61718K [0x0000000080000000, 0x0000000100000000)
  region size 1024K, 11 young (11264K), 11 survivors (11264K)
 Metaspace       used 79619K, capacity 81844K, committed 81996K, reserved 1120256K
  class space    used 10464K, capacity 11274K, committed 11340K, reserved 1048576K
}
Event: 26.009 GC heap before
{Heap before GC invocations=14 (full 0):
 garbage-first heap   total 194560K, used 141590K [0x0000000080000000, 0x0000000100000000)
  region size 1024K, 90 young (92160K), 11 survivors (11264K)
 Metaspace       used 81344K, capacity 83679K, committed 83916K, reserved 1122304K
  class space    used 10589K, capacity 11436K, committed 11468K, reserved 1048576K
}
Event: 26.021 GC heap after
{Heap after GC invocations=15 (full 0):
 garbage-first heap   total 194560K, used 70182K [0x0000000080000000, 0x0000000100000000)
  region size 1024K, 12 young (12288K), 12 survivors (12288K)
 Metaspace       used 81344K, capacity 83679K, committed 83916K, reserved 1122304K
  class space    used 10589K, capacity 11436K, committed 11468K, reserved 1048576K
}
Event: 32.586 GC heap before
{Heap before GC invocations=15 (full 0):
 garbage-first heap   total 194560K, used 156198K [0x0000000080000000, 0x0000000100000000)
  region size 1024K, 86 young (88064K), 12 survivors (12288K)
 Metaspace       used 82227K, capacity 84559K, committed 84812K, reserved 1122304K
  class space    used 10666K, capacity 11494K, committed 11596K, reserved 1048576K
}
Event: 32.604 GC heap after
{Heap after GC invocations=16 (full 0):
 garbage-first heap   total 194560K, used 87528K [0x0000000080000000, 0x0000000100000000)
  region size 1024K, 11 young (11264K), 11 survivors (11264K)
 Metaspace       used 82227K, capacity 84559K, committed 84812K, reserved 1122304K
  class space    used 10666K, capacity 11494K, committed 11596K, reserved 1048576K
}
Event: 41.868 GC heap before
{Heap before GC invocations=16 (full 0):
 garbage-first heap   total 194560K, used 148968K [0x0000000080000000, 0x0000000100000000)
  region size 1024K, 71 young (72704K), 11 survivors (11264K)
 Metaspace       used 82303K, capacity 84628K, committed 84812K, reserved 1122304K
  class space    used 10672K, capacity 11495K, committed 11596K, reserved 1048576K
}
Event: 41.876 GC heap after
{Heap after GC invocations=17 (full 0):
 garbage-first heap   total 194560K, used 91406K [0x0000000080000000, 0x0000000100000000)
  region size 1024K, 3 young (3072K), 3 survivors (3072K)
 Metaspace       used 82303K, capacity 84628K, committed 84812K, reserved 1122304K
  class space    used 10672K, capacity 11495K, committed 11596K, reserved 1048576K
}
Event: 42.838 GC heap before
{Heap before GC invocations=17 (full 0):
 garbage-first heap   total 194560K, used 104718K [0x0000000080000000, 0x0000000100000000)
  region size 1024K, 18 young (18432K), 3 survivors (3072K)
 Metaspace       used 82325K, capacity 84634K, committed 84812K, reserved 1122304K
  class space    used 10675K, capacity 11497K, committed 11596K, reserved 1048576K
}
Event: 42.844 GC heap after
{Heap after GC invocations=18 (full 0):
 garbage-first heap   total 194560K, used 95224K [0x0000000080000000, 0x0000000100000000)
  region size 1024K, 6 young (6144K), 6 survivors (6144K)
 Metaspace       used 82325K, capacity 84634K, committed 84812K, reserved 1122304K
  class space    used 10675K, capacity 11497K, committed 11596K, reserved 1048576K
}
Event: 46.856 GC heap before
{Heap before GC invocations=19 (full 0):
 garbage-first heap   total 194560K, used 165880K [0x0000000080000000, 0x0000000100000000)
  region size 1024K, 61 young (62464K), 6 survivors (6144K)
 Metaspace       used 86080K, capacity 88244K, committed 88652K, reserved 1126400K
  class space    used 10902K, capacity 11691K, committed 11852K, reserved 1048576K
}
Event: 46.864 GC heap after
{Heap after GC invocations=20 (full 0):
 garbage-first heap   total 194560K, used 98452K [0x0000000080000000, 0x0000000100000000)
  region size 1024K, 8 young (8192K), 8 survivors (8192K)
 Metaspace       used 86080K, capacity 88244K, committed 88652K, reserved 1126400K
  class space    used 10902K, capacity 11691K, committed 11852K, reserved 1048576K
}
Event: 48.001 GC heap before
{Heap before GC invocations=20 (full 0):
 garbage-first heap   total 194560K, used 152724K [0x0000000080000000, 0x0000000100000000)
  region size 1024K, 61 young (62464K), 8 survivors (8192K)
 Metaspace       used 86527K, capacity 88637K, committed 89164K, reserved 1126400K
  class space    used 10922K, capacity 11691K, committed 11852K, reserved 1048576K
}
Event: 48.007 GC heap after
{Heap after GC invocations=21 (full 0):
 garbage-first heap   total 194560K, used 96901K [0x0000000080000000, 0x0000000100000000)
  region size 1024K, 2 young (2048K), 2 survivors (2048K)
 Metaspace       used 86527K, capacity 88637K, committed 89164K, reserved 1126400K
  class space    used 10922K, capacity 11691K, committed 11852K, reserved 1048576K
}
Event: 51.311 GC heap before
{Heap before GC invocations=22 (full 0):
 garbage-first heap   total 194560K, used 146053K [0x0000000080000000, 0x0000000100000000)
  region size 1024K, 58 young (59392K), 2 survivors (2048K)
 Metaspace       used 89076K, capacity 91282K, committed 91852K, reserved 1128448K
  class space    used 11194K, capacity 11993K, committed 12236K, reserved 1048576K
}
Event: 51.314 GC heap after
{Heap after GC invocations=23 (full 0):
 garbage-first heap   total 194560K, used 88419K [0x0000000080000000, 0x0000000100000000)
  region size 1024K, 2 young (2048K), 2 survivors (2048K)
 Metaspace       used 89076K, capacity 91282K, committed 91852K, reserved 1128448K
  class space    used 11194K, capacity 11993K, committed 12236K, reserved 1048576K
}
Event: 51.389 GC heap before
{Heap before GC invocations=23 (full 0):
 garbage-first heap   total 194560K, used 95587K [0x0000000080000000, 0x0000000100000000)
  region size 1024K, 9 young (9216K), 2 survivors (2048K)
 Metaspace       used 89549K, capacity 91794K, committed 92364K, reserved 1130496K
  class space    used 11259K, capacity 12057K, committed 12236K, reserved 1048576K
}
Event: 51.391 GC heap after
{Heap after GC invocations=24 (full 0):
 garbage-first heap   total 194560K, used 76490K [0x0000000080000000, 0x0000000100000000)
  region size 1024K, 1 young (1024K), 1 survivors (1024K)
 Metaspace       used 89549K, capacity 91794K, committed 92364K, reserved 1130496K
  class space    used 11259K, capacity 12057K, committed 12236K, reserved 1048576K
}

